#
# There is insufficient memory for the Java Runtime Environment to continue.
# Native memory allocation (malloc) failed to allocate 32744 bytes for ChunkPool::allocate
# Possible reasons:
#   The system is out of physical RAM or swap space
#   The process is running with CompressedOops enabled, and the Java Heap may be blocking the growth of the native heap
# Possible solutions:
#   Reduce memory load on the system
#   Increase physical memory or swap space
#   Check if swap backing store is full
#   Decrease Java heap size (-Xmx/-Xms)
#   Decrease number of Java threads
#   Decrease Java thread stack sizes (-Xss)
#   Set larger code cache with -XX:ReservedCodeCacheSize=
#   JVM is running with Unscaled Compressed Oops mode in which the Java heap is
#     placed in the first 4GB address space. The Java Heap base address is the
#     maximum limit for the native heap growth. Please use -XX:HeapBaseMinAddress
#     to set the Java Heap base and to place the Java Heap above 4GB virtual address.
# This output file may be truncated or incomplete.
#
#  Out of Memory Error (arena.cpp:81), pid=2504, tid=11948
#
# JRE version: OpenJDK Runtime Environment Corretto-11.0.20.9.1 (11.0.20.1+9) (build 11.0.20.1+9-LTS)
# Java VM: OpenJDK 64-Bit Server VM Corretto-11.0.20.9.1 (11.0.20.1+9-LTS, mixed mode, tiered, compressed oops, g1 gc, windows-amd64)
# No core dump will be written. Minidumps are not enabled by default on client versions of Windows
#

---------------  S U M M A R Y ------------

Command Line: -agentlib:jdwp=transport=dt_socket,address=127.0.0.1:65026,suspend=y,server=n -javaagent:C:\Users\alfah\AppData\Local\JetBrains\IdeaIC2023.2\captureAgent\debugger-agent.jar -Dfile.encoding=UTF-8 com.learning.ecommerce.EComServerApplication

Host: Intel(R) Core(TM) i3-8130U CPU @ 2.20GHz, 4 cores, 3G,  Windows 11 , 64 bit Build 22621 (10.0.22621.3235)
Time: Wed Apr 10 12:52:08 2024 India Standard Time elapsed time: 3535.713728 seconds (0d 0h 58m 55s)

---------------  T H R E A D  ---------------

Current thread (0x00000261a9891800):  JavaThread "C1 CompilerThread0" daemon [_thread_in_native, id=11948, stack(0x000000c707b00000,0x000000c707c00000)]


Current CompileTask:
C1:3535722 7528       3       javax.crypto.CipherSpi::bufferCrypt (520 bytes)

Stack: [0x000000c707b00000,0x000000c707c00000]
Native frames: (J=compiled Java code, j=interpreted, Vv=VM code, C=native code)
V  [jvm.dll+0x62418a]
V  [jvm.dll+0x7b1d69]
V  [jvm.dll+0x7b3458]
V  [jvm.dll+0x7b3b33]
V  [jvm.dll+0x250148]
V  [jvm.dll+0xc28ab]
V  [jvm.dll+0xc2c0c]
V  [jvm.dll+0x16b4a9]
V  [jvm.dll+0x16c362]
V  [jvm.dll+0x16c420]
V  [jvm.dll+0x16ec4d]
V  [jvm.dll+0x1708b1]
V  [jvm.dll+0x12b095]
V  [jvm.dll+0x12a90f]
V  [jvm.dll+0x12ab3f]
V  [jvm.dll+0x129de4]
V  [jvm.dll+0x12bcf7]
V  [jvm.dll+0x217da4]
V  [jvm.dll+0x215feb]
V  [jvm.dll+0x774840]
V  [jvm.dll+0x76d634]
V  [jvm.dll+0x622ff5]
C  [ucrtbase.dll+0x29363]
C  [KERNEL32.DLL+0x1257d]
C  [ntdll.dll+0x5aa58]


---------------  P R O C E S S  ---------------

Threads class SMR info:
_java_thread_list=0x00000261ad137430, length=32, elements={
0x00000261a8ef9000, 0x00000261a8f02800, 0x00000261a8ef1800, 0x00000261a8ef5000,
0x00000261a8f4a800, 0x00000261a8f4e000, 0x00000261a9891800, 0x00000261a989d800,
0x00000261a9a12000, 0x00000261a9b30000, 0x00000261a9c07800, 0x00000261a9b0a000,
0x00000261ac7a6800, 0x00000261af5c0800, 0x00000261aec19800, 0x00000261af655000,
0x00000261afdfc800, 0x00000261b31fe800, 0x00000261aeebb800, 0x00000261afe9f800,
0x00000261ae6ed800, 0x00000261ae83e000, 0x00000261aea5f000, 0x00000261aea63800,
0x00000261aea60800, 0x00000261aea5e000, 0x00000261aea61800, 0x00000261aea63000,
0x00000261aea62000, 0x00000261aea5f800, 0x00000261afc2d000, 0x00000261afc2d800
}

Java Threads: ( => current thread )
  0x00000261a8ef9000 JavaThread "Reference Handler" daemon [_thread_blocked, id=2976, stack(0x000000c707500000,0x000000c707600000)]
  0x00000261a8f02800 JavaThread "Finalizer" daemon [_thread_blocked, id=1824, stack(0x000000c707600000,0x000000c707700000)]
  0x00000261a8ef1800 JavaThread "Signal Dispatcher" daemon [_thread_blocked, id=8684, stack(0x000000c707700000,0x000000c707800000)]
  0x00000261a8ef5000 JavaThread "Attach Listener" daemon [_thread_blocked, id=18364, stack(0x000000c707800000,0x000000c707900000)]
  0x00000261a8f4a800 JavaThread "Service Thread" daemon [_thread_blocked, id=9420, stack(0x000000c707900000,0x000000c707a00000)]
  0x00000261a8f4e000 JavaThread "C2 CompilerThread0" daemon [_thread_blocked, id=15864, stack(0x000000c707a00000,0x000000c707b00000)]
=>0x00000261a9891800 JavaThread "C1 CompilerThread0" daemon [_thread_in_native, id=11948, stack(0x000000c707b00000,0x000000c707c00000)]
  0x00000261a989d800 JavaThread "Sweeper thread" daemon [_thread_blocked, id=5864, stack(0x000000c707c00000,0x000000c707d00000)]
  0x00000261a9a12000 JavaThread "Common-Cleaner" daemon [_thread_blocked, id=13528, stack(0x000000c707d00000,0x000000c707e00000)]
  0x00000261a9b30000 JavaThread "JDWP Transport Listener: dt_socket" daemon [_thread_blocked, id=19356, stack(0x000000c707e00000,0x000000c707f00000)]
  0x00000261a9c07800 JavaThread "JDWP Event Helper Thread" daemon [_thread_blocked, id=10344, stack(0x000000c707f00000,0x000000c708000000)]
  0x00000261a9b0a000 JavaThread "JDWP Command Reader" daemon [_thread_in_native, id=14904, stack(0x000000c708000000,0x000000c708100000)]
  0x00000261ac7a6800 JavaThread "mysql-cj-abandoned-connection-cleanup" daemon [_thread_blocked, id=19280, stack(0x000000c708300000,0x000000c708400000)]
  0x00000261af5c0800 JavaThread "HikariPool-1 housekeeper" daemon [_thread_blocked, id=14940, stack(0x000000c708700000,0x000000c708800000)]
  0x00000261aec19800 JavaThread "Catalina-utility-1" [_thread_blocked, id=2284, stack(0x000000c708900000,0x000000c708a00000)]
  0x00000261af655000 JavaThread "Catalina-utility-2" [_thread_blocked, id=14056, stack(0x000000c708a00000,0x000000c708b00000)]
  0x00000261afdfc800 JavaThread "container-0" [_thread_blocked, id=18128, stack(0x000000c708b00000,0x000000c708c00000)]
  0x00000261b31fe800 JavaThread "http-nio-8282-exec-1" daemon [_thread_blocked, id=14868, stack(0x000000c708800000,0x000000c708900000)]
  0x00000261aeebb800 JavaThread "http-nio-8282-exec-2" daemon [_thread_blocked, id=11128, stack(0x000000c708c00000,0x000000c708d00000)]
  0x00000261afe9f800 JavaThread "http-nio-8282-exec-3" daemon [_thread_blocked, id=16952, stack(0x000000c708d00000,0x000000c708e00000)]
  0x00000261ae6ed800 JavaThread "http-nio-8282-exec-4" daemon [_thread_blocked, id=17688, stack(0x000000c708e00000,0x000000c708f00000)]
  0x00000261ae83e000 JavaThread "http-nio-8282-exec-5" daemon [_thread_blocked, id=13920, stack(0x000000c708f00000,0x000000c709000000)]
  0x00000261aea5f000 JavaThread "http-nio-8282-exec-6" daemon [_thread_blocked, id=15424, stack(0x000000c709000000,0x000000c709100000)]
  0x00000261aea63800 JavaThread "http-nio-8282-exec-7" daemon [_thread_blocked, id=2020, stack(0x000000c709100000,0x000000c709200000)]
  0x00000261aea60800 JavaThread "http-nio-8282-exec-8" daemon [_thread_blocked, id=16844, stack(0x000000c709200000,0x000000c709300000)]
  0x00000261aea5e000 JavaThread "http-nio-8282-exec-9" daemon [_thread_blocked, id=14480, stack(0x000000c709300000,0x000000c709400000)]
  0x00000261aea61800 JavaThread "http-nio-8282-exec-10" daemon [_thread_blocked, id=15972, stack(0x000000c709400000,0x000000c709500000)]
  0x00000261aea63000 JavaThread "http-nio-8282-Poller" daemon [_thread_in_native, id=2852, stack(0x000000c709500000,0x000000c709600000)]
  0x00000261aea62000 JavaThread "http-nio-8282-Acceptor" daemon [_thread_in_native, id=15732, stack(0x000000c709600000,0x000000c709700000)]
  0x00000261aea5f800 JavaThread "DestroyJavaVM" [_thread_blocked, id=8548, stack(0x000000c706e00000,0x000000c706f00000)]
  0x00000261afc2d000 JavaThread "HikariPool-1 connection closer" daemon [_thread_blocked, id=17088, stack(0x000000c706b00000,0x000000c706c00000)]
  0x00000261afc2d800 JavaThread "HikariPool-1 connection adder" daemon [_thread_blocked, id=19236, stack(0x000000c706c00000,0x000000c706d00000)]

Other Threads:
  0x00000261a8ec2800 VMThread "VM Thread" [stack: 0x000000c707400000,0x000000c707500000] [id=11740]
  0x00000261a9b14000 WatcherThread [stack: 0x000000c708100000,0x000000c708200000] [id=16036]
  0x000002618ae66000 GCTaskThread "GC Thread#0" [stack: 0x000000c706f00000,0x000000c707000000] [id=11984]
  0x00000261a9d98800 GCTaskThread "GC Thread#1" [stack: 0x000000c708200000,0x000000c708300000] [id=5664]
  0x00000261aad7b000 GCTaskThread "GC Thread#2" [stack: 0x000000c708400000,0x000000c708500000] [id=8248]
  0x00000261aad7c000 GCTaskThread "GC Thread#3" [stack: 0x000000c708500000,0x000000c708600000] [id=5272]
  0x000002618ae81800 ConcurrentGCThread "G1 Main Marker" [stack: 0x000000c707000000,0x000000c707100000] [id=11852]
  0x000002618ae84000 ConcurrentGCThread "G1 Conc#0" [stack: 0x000000c707100000,0x000000c707200000] [id=14708]
  0x000002618aedb000 ConcurrentGCThread "G1 Refine#0" [stack: 0x000000c707200000,0x000000c707300000] [id=4060]
  0x000002618aedc000 ConcurrentGCThread "G1 Young RemSet Sampling" [stack: 0x000000c707300000,0x000000c707400000] [id=10520]

Threads with active compile tasks:
C1 CompilerThread0  3535835 7528       3       javax.crypto.CipherSpi::bufferCrypt (520 bytes)

VM state:not at safepoint (normal execution)

VM Mutex/Monitor currently owned by a thread: None

Heap address: 0x00000000c1e00000, size: 994 MB, Compressed Oops mode: 32-bit
Narrow klass base: 0x0000000000000000, Narrow klass shift: 3
Compressed class space size: 1073741824 Address: 0x0000000100000000

Heap:
 garbage-first heap   total 116736K, used 74751K [0x00000000c1e00000, 0x0000000100000000)
  region size 1024K, 53 young (54272K), 7 survivors (7168K)
 Metaspace       used 78956K, capacity 80933K, committed 81228K, reserved 1120256K
  class space    used 9733K, capacity 10528K, committed 10624K, reserved 1048576K
Heap Regions: E=young(eden), S=young(survivor), O=old, HS=humongous(starts), HC=humongous(continues), CS=collection set, F=free, A=archive, TAMS=top-at-mark-start (previous, next)
|   0|0x00000000c1e00000, 0x00000000c1f00000, 0x00000000c1f00000|100%|HS|  |TAMS 0x00000000c1f00000, 0x00000000c1e00000| Complete 
|   1|0x00000000c1f00000, 0x00000000c2000000, 0x00000000c2000000|100%| O|  |TAMS 0x00000000c2000000, 0x00000000c1f00000| Untracked 
|   2|0x00000000c2000000, 0x00000000c2100000, 0x00000000c2100000|100%| O|  |TAMS 0x00000000c2100000, 0x00000000c2000000| Untracked 
|   3|0x00000000c2100000, 0x00000000c2200000, 0x00000000c2200000|100%| O|  |TAMS 0x00000000c2200000, 0x00000000c2100000| Untracked 
|   4|0x00000000c2200000, 0x00000000c2300000, 0x00000000c2300000|100%| O|  |TAMS 0x00000000c2300000, 0x00000000c2200000| Untracked 
|   5|0x00000000c2300000, 0x00000000c2400000, 0x00000000c2400000|100%| O|  |TAMS 0x00000000c2400000, 0x00000000c2300000| Untracked 
|   6|0x00000000c2400000, 0x00000000c2500000, 0x00000000c2500000|100%| O|  |TAMS 0x00000000c2500000, 0x00000000c2400000| Untracked 
|   7|0x00000000c2500000, 0x00000000c2600000, 0x00000000c2600000|100%| O|  |TAMS 0x00000000c2600000, 0x00000000c2500000| Untracked 
|   8|0x00000000c2600000, 0x00000000c2700000, 0x00000000c2700000|100%| O|  |TAMS 0x00000000c2700000, 0x00000000c2600000| Untracked 
|   9|0x00000000c2700000, 0x00000000c2800000, 0x00000000c2800000|100%| O|  |TAMS 0x00000000c2800000, 0x00000000c2700000| Untracked 
|  10|0x00000000c2800000, 0x00000000c2900000, 0x00000000c2900000|100%| O|  |TAMS 0x00000000c2900000, 0x00000000c2800000| Untracked 
|  11|0x00000000c2900000, 0x00000000c2a00000, 0x00000000c2a00000|100%| O|  |TAMS 0x00000000c2a00000, 0x00000000c2900000| Untracked 
|  12|0x00000000c2a00000, 0x00000000c2b00000, 0x00000000c2b00000|100%| O|  |TAMS 0x00000000c2b00000, 0x00000000c2a00000| Untracked 
|  13|0x00000000c2b00000, 0x00000000c2c00000, 0x00000000c2c00000|100%| O|  |TAMS 0x00000000c2c00000, 0x00000000c2b00000| Untracked 
|  14|0x00000000c2c00000, 0x00000000c2d00000, 0x00000000c2d00000|100%| O|  |TAMS 0x00000000c2d00000, 0x00000000c2c00000| Untracked 
|  15|0x00000000c2d00000, 0x00000000c2e00000, 0x00000000c2e00000|100%| O|  |TAMS 0x00000000c2e00000, 0x00000000c2d00000| Untracked 
|  16|0x00000000c2e00000, 0x00000000c2f00000, 0x00000000c2f00000|100%| O|  |TAMS 0x00000000c2e5e800, 0x00000000c2e00000| Untracked 
|  17|0x00000000c2f00000, 0x00000000c3000000, 0x00000000c3000000|100%| O|  |TAMS 0x00000000c2f00000, 0x00000000c2f00000| Untracked 
|  18|0x00000000c3000000, 0x00000000c3100000, 0x00000000c3100000|100%| O|  |TAMS 0x00000000c3000000, 0x00000000c3000000| Untracked 
|  19|0x00000000c3100000, 0x00000000c3200000, 0x00000000c3200000|100%| O|  |TAMS 0x00000000c3100000, 0x00000000c3100000| Untracked 
|  20|0x00000000c3200000, 0x00000000c3300000, 0x00000000c3300000|100%| O|  |TAMS 0x00000000c3200000, 0x00000000c3200000| Untracked 
|  21|0x00000000c3300000, 0x00000000c3400000, 0x00000000c3400000|100%| O|  |TAMS 0x00000000c3300000, 0x00000000c3300000| Untracked 
|  22|0x00000000c3400000, 0x00000000c3469600, 0x00000000c3500000| 41%| O|  |TAMS 0x00000000c3400000, 0x00000000c3400000| Untracked 
|  23|0x00000000c3500000, 0x00000000c3500000, 0x00000000c3600000|  0%| F|  |TAMS 0x00000000c3500000, 0x00000000c3500000| Untracked 
|  24|0x00000000c3600000, 0x00000000c3600000, 0x00000000c3700000|  0%| F|  |TAMS 0x00000000c3600000, 0x00000000c3600000| Untracked 
|  25|0x00000000c3700000, 0x00000000c3700000, 0x00000000c3800000|  0%| F|  |TAMS 0x00000000c3700000, 0x00000000c3700000| Untracked 
|  26|0x00000000c3800000, 0x00000000c3800000, 0x00000000c3900000|  0%| F|  |TAMS 0x00000000c3800000, 0x00000000c3800000| Untracked 
|  27|0x00000000c3900000, 0x00000000c3900000, 0x00000000c3a00000|  0%| F|  |TAMS 0x00000000c3900000, 0x00000000c3900000| Untracked 
|  28|0x00000000c3a00000, 0x00000000c3a00000, 0x00000000c3b00000|  0%| F|  |TAMS 0x00000000c3a00000, 0x00000000c3a00000| Untracked 
|  29|0x00000000c3b00000, 0x00000000c3b00000, 0x00000000c3c00000|  0%| F|  |TAMS 0x00000000c3b00000, 0x00000000c3b00000| Untracked 
|  30|0x00000000c3c00000, 0x00000000c3c00000, 0x00000000c3d00000|  0%| F|  |TAMS 0x00000000c3c00000, 0x00000000c3c00000| Untracked 
|  31|0x00000000c3d00000, 0x00000000c3d00000, 0x00000000c3e00000|  0%| F|  |TAMS 0x00000000c3d00000, 0x00000000c3d00000| Untracked 
|  32|0x00000000c3e00000, 0x00000000c3e00000, 0x00000000c3f00000|  0%| F|  |TAMS 0x00000000c3e00000, 0x00000000c3e00000| Untracked 
|  33|0x00000000c3f00000, 0x00000000c3f00000, 0x00000000c4000000|  0%| F|  |TAMS 0x00000000c3f00000, 0x00000000c3f00000| Untracked 
|  34|0x00000000c4000000, 0x00000000c4000000, 0x00000000c4100000|  0%| F|  |TAMS 0x00000000c4000000, 0x00000000c4000000| Untracked 
|  35|0x00000000c4100000, 0x00000000c4100000, 0x00000000c4200000|  0%| F|  |TAMS 0x00000000c4100000, 0x00000000c4100000| Untracked 
|  36|0x00000000c4200000, 0x00000000c4200000, 0x00000000c4300000|  0%| F|  |TAMS 0x00000000c4200000, 0x00000000c4200000| Untracked 
|  37|0x00000000c4300000, 0x00000000c4300000, 0x00000000c4400000|  0%| F|  |TAMS 0x00000000c4300000, 0x00000000c4300000| Untracked 
|  38|0x00000000c4400000, 0x00000000c4400000, 0x00000000c4500000|  0%| F|  |TAMS 0x00000000c4400000, 0x00000000c4400000| Untracked 
|  39|0x00000000c4500000, 0x00000000c4500000, 0x00000000c4600000|  0%| F|  |TAMS 0x00000000c4500000, 0x00000000c4500000| Untracked 
|  40|0x00000000c4600000, 0x00000000c4600000, 0x00000000c4700000|  0%| F|  |TAMS 0x00000000c4600000, 0x00000000c4600000| Untracked 
|  41|0x00000000c4700000, 0x00000000c4700000, 0x00000000c4800000|  0%| F|  |TAMS 0x00000000c4700000, 0x00000000c4700000| Untracked 
|  42|0x00000000c4800000, 0x00000000c4800000, 0x00000000c4900000|  0%| F|  |TAMS 0x00000000c4800000, 0x00000000c4800000| Untracked 
|  43|0x00000000c4900000, 0x00000000c4900000, 0x00000000c4a00000|  0%| F|  |TAMS 0x00000000c4900000, 0x00000000c4900000| Untracked 
|  44|0x00000000c4a00000, 0x00000000c4a00000, 0x00000000c4b00000|  0%| F|  |TAMS 0x00000000c4a00000, 0x00000000c4a00000| Untracked 
|  45|0x00000000c4b00000, 0x00000000c4b00000, 0x00000000c4c00000|  0%| F|  |TAMS 0x00000000c4b00000, 0x00000000c4b00000| Untracked 
|  46|0x00000000c4c00000, 0x00000000c4c00000, 0x00000000c4d00000|  0%| F|  |TAMS 0x00000000c4c00000, 0x00000000c4c00000| Untracked 
|  47|0x00000000c4d00000, 0x00000000c4d00000, 0x00000000c4e00000|  0%| F|  |TAMS 0x00000000c4d00000, 0x00000000c4d00000| Untracked 
|  48|0x00000000c4e00000, 0x00000000c4e00000, 0x00000000c4f00000|  0%| F|  |TAMS 0x00000000c4e00000, 0x00000000c4e00000| Untracked 
|  49|0x00000000c4f00000, 0x00000000c4f00000, 0x00000000c5000000|  0%| F|  |TAMS 0x00000000c4f00000, 0x00000000c4f00000| Untracked 
|  50|0x00000000c5000000, 0x00000000c5000000, 0x00000000c5100000|  0%| F|  |TAMS 0x00000000c5000000, 0x00000000c5000000| Untracked 
|  51|0x00000000c5100000, 0x00000000c51967f8, 0x00000000c5200000| 58%| S|CS|TAMS 0x00000000c5100000, 0x00000000c5100000| Complete 
|  52|0x00000000c5200000, 0x00000000c5300000, 0x00000000c5300000|100%| S|CS|TAMS 0x00000000c5200000, 0x00000000c5200000| Complete 
|  53|0x00000000c5300000, 0x00000000c5400000, 0x00000000c5400000|100%| S|CS|TAMS 0x00000000c5300000, 0x00000000c5300000| Complete 
|  54|0x00000000c5400000, 0x00000000c5500000, 0x00000000c5500000|100%| S|CS|TAMS 0x00000000c5400000, 0x00000000c5400000| Complete 
|  55|0x00000000c5500000, 0x00000000c5600000, 0x00000000c5600000|100%| S|CS|TAMS 0x00000000c5500000, 0x00000000c5500000| Complete 
|  56|0x00000000c5600000, 0x00000000c5700000, 0x00000000c5700000|100%| S|CS|TAMS 0x00000000c5600000, 0x00000000c5600000| Complete 
|  57|0x00000000c5700000, 0x00000000c5800000, 0x00000000c5800000|100%| S|CS|TAMS 0x00000000c5700000, 0x00000000c5700000| Complete 
|  58|0x00000000c5800000, 0x00000000c5800000, 0x00000000c5900000|  0%| F|  |TAMS 0x00000000c5800000, 0x00000000c5800000| Untracked 
|  59|0x00000000c5900000, 0x00000000c5900000, 0x00000000c5a00000|  0%| F|  |TAMS 0x00000000c5900000, 0x00000000c5900000| Untracked 
|  60|0x00000000c5a00000, 0x00000000c5a00000, 0x00000000c5b00000|  0%| F|  |TAMS 0x00000000c5a00000, 0x00000000c5a00000| Untracked 
|  61|0x00000000c5b00000, 0x00000000c5b00000, 0x00000000c5c00000|  0%| F|  |TAMS 0x00000000c5b00000, 0x00000000c5b00000| Untracked 
|  62|0x00000000c5c00000, 0x00000000c5c00000, 0x00000000c5d00000|  0%| F|  |TAMS 0x00000000c5c00000, 0x00000000c5c00000| Untracked 
|  63|0x00000000c5d00000, 0x00000000c5d00000, 0x00000000c5e00000|  0%| F|  |TAMS 0x00000000c5d00000, 0x00000000c5d00000| Untracked 
|  64|0x00000000c5e00000, 0x00000000c5e00000, 0x00000000c5f00000|  0%| F|  |TAMS 0x00000000c5e00000, 0x00000000c5e00000| Untracked 
|  65|0x00000000c5f00000, 0x00000000c5f00000, 0x00000000c6000000|  0%| F|  |TAMS 0x00000000c5f00000, 0x00000000c5f00000| Untracked 
|  66|0x00000000c6000000, 0x00000000c6000000, 0x00000000c6100000|  0%| F|  |TAMS 0x00000000c6000000, 0x00000000c6000000| Untracked 
|  67|0x00000000c6100000, 0x00000000c6100000, 0x00000000c6200000|  0%| F|  |TAMS 0x00000000c6100000, 0x00000000c6100000| Untracked 
|  68|0x00000000c6200000, 0x00000000c62e1590, 0x00000000c6300000| 88%| E|  |TAMS 0x00000000c6200000, 0x00000000c6200000| Complete 
|  69|0x00000000c6300000, 0x00000000c6400000, 0x00000000c6400000|100%| E|CS|TAMS 0x00000000c6300000, 0x00000000c6300000| Complete 
|  70|0x00000000c6400000, 0x00000000c6500000, 0x00000000c6500000|100%| E|CS|TAMS 0x00000000c6400000, 0x00000000c6400000| Complete 
|  71|0x00000000c6500000, 0x00000000c6600000, 0x00000000c6600000|100%| E|CS|TAMS 0x00000000c6500000, 0x00000000c6500000| Complete 
|  72|0x00000000c6600000, 0x00000000c6700000, 0x00000000c6700000|100%| E|CS|TAMS 0x00000000c6600000, 0x00000000c6600000| Complete 
|  73|0x00000000c6700000, 0x00000000c6800000, 0x00000000c6800000|100%| E|CS|TAMS 0x00000000c6700000, 0x00000000c6700000| Complete 
|  74|0x00000000c6800000, 0x00000000c6900000, 0x00000000c6900000|100%| E|CS|TAMS 0x00000000c6800000, 0x00000000c6800000| Complete 
|  75|0x00000000c6900000, 0x00000000c6a00000, 0x00000000c6a00000|100%| E|CS|TAMS 0x00000000c6900000, 0x00000000c6900000| Complete 
|  76|0x00000000c6a00000, 0x00000000c6b00000, 0x00000000c6b00000|100%| E|CS|TAMS 0x00000000c6a00000, 0x00000000c6a00000| Complete 
|  77|0x00000000c6b00000, 0x00000000c6c00000, 0x00000000c6c00000|100%| E|CS|TAMS 0x00000000c6b00000, 0x00000000c6b00000| Complete 
|  78|0x00000000c6c00000, 0x00000000c6d00000, 0x00000000c6d00000|100%| E|CS|TAMS 0x00000000c6c00000, 0x00000000c6c00000| Complete 
|  79|0x00000000c6d00000, 0x00000000c6e00000, 0x00000000c6e00000|100%| E|CS|TAMS 0x00000000c6d00000, 0x00000000c6d00000| Complete 
|  80|0x00000000c6e00000, 0x00000000c6f00000, 0x00000000c6f00000|100%| E|CS|TAMS 0x00000000c6e00000, 0x00000000c6e00000| Complete 
|  81|0x00000000c6f00000, 0x00000000c7000000, 0x00000000c7000000|100%| E|CS|TAMS 0x00000000c6f00000, 0x00000000c6f00000| Complete 
|  82|0x00000000c7000000, 0x00000000c7100000, 0x00000000c7100000|100%| E|CS|TAMS 0x00000000c7000000, 0x00000000c7000000| Complete 
|  83|0x00000000c7100000, 0x00000000c7200000, 0x00000000c7200000|100%| E|CS|TAMS 0x00000000c7100000, 0x00000000c7100000| Complete 
|  84|0x00000000c7200000, 0x00000000c7300000, 0x00000000c7300000|100%| E|CS|TAMS 0x00000000c7200000, 0x00000000c7200000| Complete 
|  85|0x00000000c7300000, 0x00000000c7400000, 0x00000000c7400000|100%| E|CS|TAMS 0x00000000c7300000, 0x00000000c7300000| Complete 
|  86|0x00000000c7400000, 0x00000000c7500000, 0x00000000c7500000|100%| E|CS|TAMS 0x00000000c7400000, 0x00000000c7400000| Complete 
|  87|0x00000000c7500000, 0x00000000c7600000, 0x00000000c7600000|100%| E|CS|TAMS 0x00000000c7500000, 0x00000000c7500000| Complete 
|  88|0x00000000c7600000, 0x00000000c7700000, 0x00000000c7700000|100%| E|CS|TAMS 0x00000000c7600000, 0x00000000c7600000| Complete 
|  89|0x00000000c7700000, 0x00000000c7800000, 0x00000000c7800000|100%| E|CS|TAMS 0x00000000c7700000, 0x00000000c7700000| Complete 
|  90|0x00000000c7800000, 0x00000000c7900000, 0x00000000c7900000|100%| E|CS|TAMS 0x00000000c7800000, 0x00000000c7800000| Complete 
|  91|0x00000000c7900000, 0x00000000c7a00000, 0x00000000c7a00000|100%| E|CS|TAMS 0x00000000c7900000, 0x00000000c7900000| Complete 
|  92|0x00000000c7a00000, 0x00000000c7b00000, 0x00000000c7b00000|100%| E|CS|TAMS 0x00000000c7a00000, 0x00000000c7a00000| Complete 
|  93|0x00000000c7b00000, 0x00000000c7c00000, 0x00000000c7c00000|100%| E|  |TAMS 0x00000000c7b00000, 0x00000000c7b00000| Complete 
|  94|0x00000000c7c00000, 0x00000000c7d00000, 0x00000000c7d00000|100%| E|CS|TAMS 0x00000000c7c00000, 0x00000000c7c00000| Complete 
|  95|0x00000000c7d00000, 0x00000000c7e00000, 0x00000000c7e00000|100%| E|CS|TAMS 0x00000000c7d00000, 0x00000000c7d00000| Complete 
|  96|0x00000000c7e00000, 0x00000000c7f00000, 0x00000000c7f00000|100%| E|CS|TAMS 0x00000000c7e00000, 0x00000000c7e00000| Complete 
|  97|0x00000000c7f00000, 0x00000000c8000000, 0x00000000c8000000|100%| E|CS|TAMS 0x00000000c7f00000, 0x00000000c7f00000| Complete 
|  98|0x00000000c8000000, 0x00000000c8100000, 0x00000000c8100000|100%| E|CS|TAMS 0x00000000c8000000, 0x00000000c8000000| Complete 
|  99|0x00000000c8100000, 0x00000000c8200000, 0x00000000c8200000|100%| E|CS|TAMS 0x00000000c8100000, 0x00000000c8100000| Complete 
| 100|0x00000000c8200000, 0x00000000c8300000, 0x00000000c8300000|100%| E|CS|TAMS 0x00000000c8200000, 0x00000000c8200000| Complete 
| 101|0x00000000c8300000, 0x00000000c8400000, 0x00000000c8400000|100%| E|CS|TAMS 0x00000000c8300000, 0x00000000c8300000| Complete 
| 102|0x00000000c8400000, 0x00000000c8500000, 0x00000000c8500000|100%| E|CS|TAMS 0x00000000c8400000, 0x00000000c8400000| Complete 
| 103|0x00000000c8500000, 0x00000000c8600000, 0x00000000c8600000|100%| E|CS|TAMS 0x00000000c8500000, 0x00000000c8500000| Complete 
| 104|0x00000000c8600000, 0x00000000c8700000, 0x00000000c8700000|100%| E|CS|TAMS 0x00000000c8600000, 0x00000000c8600000| Complete 
| 105|0x00000000c8700000, 0x00000000c8800000, 0x00000000c8800000|100%| E|CS|TAMS 0x00000000c8700000, 0x00000000c8700000| Complete 
| 106|0x00000000c8800000, 0x00000000c8900000, 0x00000000c8900000|100%| E|CS|TAMS 0x00000000c8800000, 0x00000000c8800000| Complete 
| 107|0x00000000c8900000, 0x00000000c8a00000, 0x00000000c8a00000|100%| E|CS|TAMS 0x00000000c8900000, 0x00000000c8900000| Complete 
| 108|0x00000000c8a00000, 0x00000000c8b00000, 0x00000000c8b00000|100%| E|CS|TAMS 0x00000000c8a00000, 0x00000000c8a00000| Complete 
| 109|0x00000000c8b00000, 0x00000000c8c00000, 0x00000000c8c00000|100%| E|CS|TAMS 0x00000000c8b00000, 0x00000000c8b00000| Complete 
| 110|0x00000000c8c00000, 0x00000000c8d00000, 0x00000000c8d00000|100%| E|CS|TAMS 0x00000000c8c00000, 0x00000000c8c00000| Complete 
| 111|0x00000000c8d00000, 0x00000000c8e00000, 0x00000000c8e00000|100%| E|CS|TAMS 0x00000000c8d00000, 0x00000000c8d00000| Complete 
| 112|0x00000000c8e00000, 0x00000000c8f00000, 0x00000000c8f00000|100%| E|CS|TAMS 0x00000000c8e00000, 0x00000000c8e00000| Complete 
| 113|0x00000000c8f00000, 0x00000000c9000000, 0x00000000c9000000|100%| E|CS|TAMS 0x00000000c8f00000, 0x00000000c8f00000| Complete 

Card table byte_map: [0x00000261a45c0000,0x00000261a47c0000] _byte_map_base: 0x00000261a3fb1000

Marking Bits (Prev, Next): (CMBitMap*) 0x000002618ae7cda0, (CMBitMap*) 0x000002618ae7cd68
 Prev Bits: [0x00000261a5950000, 0x00000261a68d8000)
 Next Bits: [0x00000261a49c0000, 0x00000261a5948000)

Polling page: 0x000002618af10000

Metaspace:

Usage:
  Non-class:     68.75 MB capacity,    67.60 MB ( 98%) used,   924.74 KB (  1%) free+waste,   257.69 KB ( <1%) overhead. 
      Class:     10.28 MB capacity,     9.51 MB ( 92%) used,   676.66 KB (  6%) free+waste,   117.88 KB (  1%) overhead. 
       Both:     79.04 MB capacity,    77.11 MB ( 98%) used,     1.56 MB (  2%) free+waste,   375.56 KB ( <1%) overhead. 

Virtual space:
  Non-class space:       70.00 MB reserved,      68.95 MB ( 98%) committed 
      Class space:        1.00 GB reserved,      10.38 MB (  1%) committed 
             Both:        1.07 GB reserved,      79.32 MB (  7%) committed 

Chunk freelists:
   Non-Class:  7.00 KB
       Class:  0 bytes
        Both:  7.00 KB

MaxMetaspaceSize: 17179869184.00 GB
CompressedClassSpaceSize: 1.00 GB
Initial GC threshold: 20.80 MB
Current GC threshold: 98.46 MB
CDS: off

CodeHeap 'non-profiled nmethods': size=120064Kb used=3817Kb max_used=3817Kb free=116246Kb
 bounds [0x000002619c860000, 0x000002619cc20000, 0x00000261a3da0000]
CodeHeap 'profiled nmethods': size=120000Kb used=15039Kb max_used=15039Kb free=104960Kb
 bounds [0x0000026195330000, 0x00000261961e0000, 0x000002619c860000]
CodeHeap 'non-nmethods': size=5696Kb used=1418Kb max_used=1466Kb free=4277Kb
 bounds [0x0000026194da0000, 0x0000026195010000, 0x0000026195330000]
 total_blobs=7965 nmethods=7326 adapters=558
 compilation: enabled
              stopped_count=0, restarted_count=0
 full_count=0

Compilation events (20 events):
Event: 3535.057 Thread 0x00000261a9891800 nmethod 7514 0x00000261961dc010 code [0x00000261961dc1c0, 0x00000261961dc398]
Event: 3535.105 Thread 0x00000261a9891800 7515       3       java.util.ArrayList$SubList::checkForComodification (23 bytes)
Event: 3535.121 Thread 0x00000261a9891800 nmethod 7515 0x00000261961dc490 code [0x00000261961dc660, 0x00000261961dc888]
Event: 3535.135 Thread 0x00000261a9891800 7516       3       sun.security.util.math.intpoly.IntegerPolynomial::finalReduce (147 bytes)
Event: 3535.154 Thread 0x00000261a9891800 nmethod 7516 0x00000261961dc990 code [0x00000261961dcba0, 0x00000261961dd198]
Event: 3535.237 Thread 0x00000261a8f4e000 7517       4       java.nio.HeapByteBuffer::put (16 bytes)
Event: 3535.283 Thread 0x00000261a9891800 7518   !   3       sun.security.ssl.HKDF::expand (190 bytes)
Event: 3535.337 Thread 0x00000261a8f4e000 nmethod 7517 0x000002619cc18a10 code [0x000002619cc18ba0, 0x000002619cc18c78]
Event: 3535.348 Thread 0x00000261a9891800 nmethod 7518 0x00000261961dd490 code [0x00000261961dd760, 0x00000261961de428]
Event: 3535.348 Thread 0x00000261a9891800 7524 %     3       sun.security.ssl.SSLConfiguration::getEnabledExtensions @ 19 (79 bytes)
Event: 3535.411 Thread 0x00000261a8f4e000 7525       4       java.util.ArrayList::newCapacity (65 bytes)
Event: 3535.423 Thread 0x00000261a8f4e000 nmethod 7525 0x000002619cc18d90 code [0x000002619cc18f20, 0x000002619cc19018]
Event: 3535.424 Thread 0x00000261a9891800 nmethod 7524% 0x00000261961deb90 code [0x00000261961dede0, 0x00000261961df938]
Event: 3535.477 Thread 0x00000261a9891800 7526       3       javax.crypto.Cipher$Transform::matches (48 bytes)
Event: 3535.515 Thread 0x00000261a9891800 nmethod 7526 0x000002619cc19110 code [0x000002619cc19360, 0x000002619cc19b68]
Event: 3535.585 Thread 0x00000261a9891800 7527       3       com.mysql.cj.result.Field::getColumnLabel (5 bytes)
Event: 3535.591 Thread 0x00000261a9891800 nmethod 7527 0x000002619cc19e90 code [0x000002619cc1a060, 0x000002619cc1a2a8]
Event: 3535.598 Thread 0x00000261a9891800 7528       3       javax.crypto.CipherSpi::bufferCrypt (520 bytes)
Event: 3535.598 Thread 0x00000261a8f4e000 7534       4       com.sun.crypto.provider.GHASH::reset (15 bytes)
Event: 3535.600 Thread 0x00000261a8f4e000 nmethod 7534 0x000002619cc1a410 code [0x000002619cc1a5a0, 0x000002619cc1a638]

GC Heap History (20 events):
Event: 4.606 GC heap before
{Heap before GC invocations=6 (full 0):
 garbage-first heap   total 80896K, used 46956K [0x00000000c1e00000, 0x0000000100000000)
  region size 1024K, 41 young (41984K), 3 survivors (3072K)
 Metaspace       used 25581K, capacity 26163K, committed 26240K, reserved 1073152K
  class space    used 2890K, capacity 3149K, committed 3200K, reserved 1048576K
}
Event: 4.615 GC heap after
{Heap after GC invocations=7 (full 0):
 garbage-first heap   total 80896K, used 10177K [0x00000000c1e00000, 0x0000000100000000)
  region size 1024K, 4 young (4096K), 4 survivors (4096K)
 Metaspace       used 25581K, capacity 26163K, committed 26240K, reserved 1073152K
  class space    used 2890K, capacity 3149K, committed 3200K, reserved 1048576K
}
Event: 5.869 GC heap before
{Heap before GC invocations=7 (full 0):
 garbage-first heap   total 80896K, used 53185K [0x00000000c1e00000, 0x0000000100000000)
  region size 1024K, 47 young (48128K), 4 survivors (4096K)
 Metaspace       used 29305K, capacity 30093K, committed 30336K, reserved 1075200K
  class space    used 3354K, capacity 3648K, committed 3712K, reserved 1048576K
}
Event: 5.884 GC heap after
{Heap after GC invocations=8 (full 0):
 garbage-first heap   total 80896K, used 11920K [0x00000000c1e00000, 0x0000000100000000)
  region size 1024K, 5 young (5120K), 5 survivors (5120K)
 Metaspace       used 29305K, capacity 30093K, committed 30336K, reserved 1075200K
  class space    used 3354K, capacity 3648K, committed 3712K, reserved 1048576K
}
Event: 7.296 GC heap before
{Heap before GC invocations=8 (full 0):
 garbage-first heap   total 80896K, used 54928K [0x00000000c1e00000, 0x0000000100000000)
  region size 1024K, 47 young (48128K), 5 survivors (5120K)
 Metaspace       used 33437K, capacity 34282K, committed 34432K, reserved 1079296K
  class space    used 3868K, capacity 4204K, committed 4224K, reserved 1048576K
}
Event: 7.316 GC heap after
{Heap after GC invocations=9 (full 0):
 garbage-first heap   total 80896K, used 13332K [0x00000000c1e00000, 0x0000000100000000)
  region size 1024K, 5 young (5120K), 5 survivors (5120K)
 Metaspace       used 33437K, capacity 34282K, committed 34432K, reserved 1079296K
  class space    used 3868K, capacity 4204K, committed 4224K, reserved 1048576K
}
Event: 7.718 GC heap before
{Heap before GC invocations=9 (full 0):
 garbage-first heap   total 80896K, used 24596K [0x00000000c1e00000, 0x0000000100000000)
  region size 1024K, 17 young (17408K), 5 survivors (5120K)
 Metaspace       used 34878K, capacity 35758K, committed 35840K, reserved 1081344K
  class space    used 4061K, capacity 4409K, committed 4480K, reserved 1048576K
}
Event: 7.738 GC heap after
{Heap after GC invocations=10 (full 0):
 garbage-first heap   total 80896K, used 14116K [0x00000000c1e00000, 0x0000000100000000)
  region size 1024K, 3 young (3072K), 3 survivors (3072K)
 Metaspace       used 34878K, capacity 35758K, committed 35840K, reserved 1081344K
  class space    used 4061K, capacity 4409K, committed 4480K, reserved 1048576K
}
Event: 9.789 GC heap before
{Heap before GC invocations=11 (full 0):
 garbage-first heap   total 80896K, used 59172K [0x00000000c1e00000, 0x0000000100000000)
  region size 1024K, 47 young (48128K), 3 survivors (3072K)
 Metaspace       used 40406K, capacity 41560K, committed 41600K, reserved 1085440K
  class space    used 4752K, capacity 5212K, committed 5248K, reserved 1048576K
}
Event: 9.813 GC heap after
{Heap after GC invocations=12 (full 0):
 garbage-first heap   total 97280K, used 16667K [0x00000000c1e00000, 0x0000000100000000)
  region size 1024K, 6 young (6144K), 6 survivors (6144K)
 Metaspace       used 40406K, capacity 41560K, committed 41600K, reserved 1085440K
  class space    used 4752K, capacity 5212K, committed 5248K, reserved 1048576K
}
Event: 11.757 GC heap before
{Heap before GC invocations=12 (full 0):
 garbage-first heap   total 97280K, used 65819K [0x00000000c1e00000, 0x0000000100000000)
  region size 1024K, 55 young (56320K), 6 survivors (6144K)
 Metaspace       used 47719K, capacity 48923K, committed 49152K, reserved 1091584K
  class space    used 5819K, capacity 6319K, committed 6400K, reserved 1048576K
}
Event: 11.786 GC heap after
{Heap after GC invocations=13 (full 0):
 garbage-first heap   total 97280K, used 18816K [0x00000000c1e00000, 0x0000000100000000)
  region size 1024K, 5 young (5120K), 5 survivors (5120K)
 Metaspace       used 47719K, capacity 48923K, committed 49152K, reserved 1091584K
  class space    used 5819K, capacity 6319K, committed 6400K, reserved 1048576K
}
Event: 14.132 GC heap before
{Heap before GC invocations=13 (full 0):
 garbage-first heap   total 97280K, used 71040K [0x00000000c1e00000, 0x0000000100000000)
  region size 1024K, 57 young (58368K), 5 survivors (5120K)
 Metaspace       used 58748K, capacity 60086K, committed 60160K, reserved 1101824K
  class space    used 7108K, capacity 7654K, committed 7680K, reserved 1048576K
}
Event: 14.165 GC heap after
{Heap after GC invocations=14 (full 0):
 garbage-first heap   total 97280K, used 22860K [0x00000000c1e00000, 0x0000000100000000)
  region size 1024K, 6 young (6144K), 6 survivors (6144K)
 Metaspace       used 58748K, capacity 60086K, committed 60160K, reserved 1101824K
  class space    used 7108K, capacity 7654K, committed 7680K, reserved 1048576K
}
Event: 16.199 GC heap before
{Heap before GC invocations=15 (full 0):
 garbage-first heap   total 97280K, used 75084K [0x00000000c1e00000, 0x0000000100000000)
  region size 1024K, 57 young (58368K), 6 survivors (6144K)
 Metaspace       used 65727K, capacity 67212K, committed 67404K, reserved 1107968K
  class space    used 8175K, capacity 8766K, committed 8832K, reserved 1048576K
}
Event: 16.227 GC heap after
{Heap after GC invocations=16 (full 0):
 garbage-first heap   total 97280K, used 25404K [0x00000000c1e00000, 0x0000000100000000)
  region size 1024K, 6 young (6144K), 6 survivors (6144K)
 Metaspace       used 65727K, capacity 67212K, committed 67404K, reserved 1107968K
  class space    used 8175K, capacity 8766K, committed 8832K, reserved 1048576K
}
Event: 17.154 GC heap before
{Heap before GC invocations=16 (full 0):
 garbage-first heap   total 97280K, used 76604K [0x00000000c1e00000, 0x0000000100000000)
  region size 1024K, 56 young (57344K), 6 survivors (6144K)
 Metaspace       used 68578K, capacity 70288K, committed 70476K, reserved 1110016K
  class space    used 8545K, capacity 9224K, committed 9344K, reserved 1048576K
}
Event: 17.275 GC heap after
{Heap after GC invocations=17 (full 0):
 garbage-first heap   total 116736K, used 27045K [0x00000000c1e00000, 0x0000000100000000)
  region size 1024K, 4 young (4096K), 4 survivors (4096K)
 Metaspace       used 68578K, capacity 70288K, committed 70476K, reserved 1110016K
  class space    used 8545K, capacity 9224K, committed 9344K, reserved 1048576K
}
Event: 43.142 GC heap before
{Heap before GC invocations=17 (full 0):
 garbage-first heap   total 116736K, used 84389K [0x00000000c1e00000, 0x0000000100000000)
  region size 1024K, 60 young (61440K), 4 survivors (4096K)
 Metaspace       used 72766K, capacity 74641K, committed 74828K, reserved 1114112K
  class space    used 9103K, capacity 9831K, committed 9856K, reserved 1048576K
}
Event: 43.174 GC heap after
{Heap after GC invocations=18 (full 0):
 garbage-first heap   total 116736K, used 29695K [0x00000000c1e00000, 0x0000000100000000)
  region size 1024K, 7 young (7168K), 7 survivors (7168K)
 Metaspace       used 72766K, capacity 74641K, committed 74828K, reserved 1114112K
  class space    used 9103K, capacity 9831K, committed 9856K, reserved 1048576K
}

Deoptimization events (20 events):
Event: 3272.631 Thread 0x00000261af5c0800 Uncommon trap: trap_request=0xffffff4d fr.pc=0x000002619c8891f8 relative=0x00000000000001d8
Event: 3272.631 Thread 0x00000261af5c0800 Uncommon trap: reason=unstable_if action=reinterpret pc=0x000002619c8891f8 method=java.lang.StringCoding.encodeUTF8(B[BZ)[B @ 18 c2
Event: 3272.631 Thread 0x00000261af5c0800 DEOPT PACKING pc=0x000002619c8891f8 sp=0x000000c7087feaf0
Event: 3272.635 Thread 0x00000261af5c0800 DEOPT UNPACKING pc=0x0000026194dea1af sp=0x000000c7087feab0 mode 2
Event: 3533.432 Thread 0x00000261afc2d000 DEOPT PACKING pc=0x0000026195c78141 sp=0x000000c706bfebc0
Event: 3533.438 Thread 0x00000261afc2d000 DEOPT UNPACKING pc=0x0000026194dea95e sp=0x000000c706bfe078 mode 1
Event: 3533.517 Thread 0x00000261afc2d000 DEOPT PACKING pc=0x000002619602040c sp=0x000000c706bfe8a0
Event: 3533.518 Thread 0x00000261afc2d000 DEOPT UNPACKING pc=0x0000026194dea95e sp=0x000000c706bfde40 mode 1
Event: 3533.518 Thread 0x00000261afc2d000 DEOPT PACKING pc=0x0000026195d7deb4 sp=0x000000c706bfea40
Event: 3533.542 Thread 0x00000261afc2d000 DEOPT UNPACKING pc=0x0000026194dea95e sp=0x000000c706bfdfb0 mode 1
Event: 3533.544 Thread 0x00000261afc2d000 DEOPT PACKING pc=0x000002619605aa74 sp=0x000000c706bfeb80
Event: 3533.544 Thread 0x00000261afc2d000 DEOPT UNPACKING pc=0x0000026194dea95e sp=0x000000c706bfe090 mode 1
Event: 3535.427 Thread 0x00000261afc2d800 DEOPT PACKING pc=0x000002619602040c sp=0x000000c706cfde30
Event: 3535.428 Thread 0x00000261afc2d800 DEOPT UNPACKING pc=0x0000026194dea95e sp=0x000000c706cfd3d0 mode 1
Event: 3535.428 Thread 0x00000261afc2d800 DEOPT PACKING pc=0x0000026195d7deb4 sp=0x000000c706cfdfd0
Event: 3535.429 Thread 0x00000261afc2d800 DEOPT UNPACKING pc=0x0000026194dea95e sp=0x000000c706cfd540 mode 1
Event: 3535.429 Thread 0x00000261afc2d800 DEOPT PACKING pc=0x000002619605aa74 sp=0x000000c706cfe110
Event: 3535.430 Thread 0x00000261afc2d800 DEOPT UNPACKING pc=0x0000026194dea95e sp=0x000000c706cfd620 mode 1
Event: 3535.433 Thread 0x00000261afc2d800 DEOPT PACKING pc=0x0000026195c78141 sp=0x000000c706cfdfa0
Event: 3535.433 Thread 0x00000261afc2d800 DEOPT UNPACKING pc=0x0000026194dea95e sp=0x000000c706cfd458 mode 1

Classes redefined (0 events):
No events

Internal exceptions (20 events):
Event: 18.522 Thread 0x000002618ae4c800 Exception <a 'java/lang/ClassNotFoundException'{0x00000000c70e1900}: org/springframework/security/config/annotation/web/configuration/HttpSecurityConfigurationCustomizer> (0x00000000c70e1900) thrown at [s\src\hotspot\share\classfile\systemDictionary.cpp, line 230]
Event: 18.554 Thread 0x000002618ae4c800 Exception <a 'java/lang/NoSuchMethodError'{0x00000000c6fc39b0}: 'java.lang.Object java.lang.invoke.DirectMethodHandle$Holder.invokeInterface(java.lang.Object, java.lang.Object, java.lang.Object, java.lang.Object)'> (0x00000000c6fc39b0) thrown at [s\src\hotspot\share\interpreter\linkResolver.cpp, line 773]
Event: 18.649 Thread 0x000002618ae4c800 Exception <a 'java/lang/NoSuchMethodError'{0x00000000c6b44aa0}: 'void java.lang.invoke.DirectMethodHandle$Holder.invokeVirtual(java.lang.Object, java.lang.Object, int)'> (0x00000000c6b44aa0) thrown at [s\src\hotspot\share\interpreter\linkResolver.cpp, line 773]
Event: 18.653 Thread 0x000002618ae4c800 Exception <a 'java/lang/NoSuchMethodError'{0x00000000c6b5e8a0}: 'void java.lang.invoke.DirectMethodHandle$Holder.invokeVirtual(java.lang.Object, java.lang.Object, long)'> (0x00000000c6b5e8a0) thrown at [s\src\hotspot\share\interpreter\linkResolver.cpp, line 773]
Event: 18.870 Thread 0x000002618ae4c800 Implicit null exception at 0x000002619ca1f6da to 0x000002619ca1f904
Event: 18.966 Thread 0x000002618ae4c800 Exception <a 'java/lang/NoSuchMethodError'{0x00000000c5db9970}: 'java.lang.Object java.lang.invoke.DirectMethodHandle$Holder.invokeSpecial(java.lang.Object, java.lang.Object, int, java.lang.Object, int, java.lang.Object)'> (0x00000000c5db9970) thrown at [s\src\hotspot\share\interpreter\linkResolver.cpp, line 773]
Event: 18.966 Thread 0x000002618ae4c800 Exception <a 'java/lang/NoSuchMethodError'{0x00000000c5dc0e58}: 'java.lang.Object java.lang.invoke.DirectMethodHandle$Holder.invokeStatic(java.lang.Object, java.lang.Object, int, java.lang.Object, int)'> (0x00000000c5dc0e58) thrown at [s\src\hotspot\share\interpreter\linkResolver.cpp, line 773]
Event: 18.967 Thread 0x000002618ae4c800 Exception <a 'java/lang/NoSuchMethodError'{0x00000000c5dc4638}: 'java.lang.Object java.lang.invoke.DirectMethodHandle$Holder.invokeSpecial(java.lang.Object, java.lang.Object, java.lang.Object, int, java.lang.Object, int)'> (0x00000000c5dc4638) thrown at [s\src\hotspot\share\interpreter\linkResolver.cpp, line 773]
Event: 18.969 Thread 0x000002618ae4c800 Exception <a 'java/lang/NoSuchMethodError'{0x00000000c5dd04e0}: 'void java.lang.invoke.DirectMethodHandle$Holder.invokeVirtual(java.lang.Object, java.lang.Object)'> (0x00000000c5dd04e0) thrown at [s\src\hotspot\share\interpreter\linkResolver.cpp, line 773]
Event: 54.782 Thread 0x00000261aeebb800 Implicit null exception at 0x000002619cb30f8b to 0x000002619cb31328
Event: 56.428 Thread 0x00000261b31fe800 Exception <a 'java/lang/NoSuchMethodError'{0x00000000c754c640}: 'java.lang.Object java.lang.invoke.DirectMethodHandle$Holder.invokeStaticInit(java.lang.Object, java.lang.Object, java.lang.Object, java.lang.Object, java.lang.Object, java.lang.Object)'> (0x00000000c754c640) thrown at [s\src\hotspot\share\interpreter\linkResolver.cpp, line 773]
Event: 56.528 Thread 0x00000261b31fe800 Implicit null exception at 0x000002619ca77195 to 0x000002619ca77710
Event: 56.531 Thread 0x00000261b31fe800 Exception <a 'java/lang/NoSuchMethodError'{0x00000000c7465b30}: 'java.lang.Object java.lang.invoke.DirectMethodHandle$Holder.invokeStatic(java.lang.Object, long)'> (0x00000000c7465b30) thrown at [s\src\hotspot\share\interpreter\linkResolver.cpp, line 773]
Event: 1769.614 Thread 0x00000261aec02000 Exception <a 'java/net/SocketException'{0x00000000c6d264f0}: Software caused connection abort: socket write error> (0x00000000c6d264f0) thrown at [s\src\hotspot\share\prims\jni.cpp, line 638]
Event: 1769.622 Thread 0x00000261aec02000 Exception <a 'java/net/SocketException'{0x00000000c6d26b98}: Software caused connection abort: recv failed> (0x00000000c6d26b98) thrown at [s\src\hotspot\share\prims\jni.cpp, line 638]
Event: 1773.444 Thread 0x00000261aec02000 Exception <a 'java/net/SocketException'{0x00000000c6d2a5c0}: Software caused connection abort: socket write error> (0x00000000c6d2a5c0) thrown at [s\src\hotspot\share\prims\jni.cpp, line 638]
Event: 1773.447 Thread 0x00000261aec02000 Exception <a 'java/net/SocketException'{0x00000000c6d2abe0}: Software caused connection abort: recv failed> (0x00000000c6d2abe0) thrown at [s\src\hotspot\share\prims\jni.cpp, line 638]
Event: 1790.868 Thread 0x00000261aec07000 Exception <a 'java/net/SocketException'{0x00000000c6a42890}: Software caused connection abort: socket write error> (0x00000000c6a42890) thrown at [s\src\hotspot\share\prims\jni.cpp, line 638]
Event: 1790.869 Thread 0x00000261aec07000 Exception <a 'java/net/SocketException'{0x00000000c6a42eb0}: Software caused connection abort: recv failed> (0x00000000c6a42eb0) thrown at [s\src\hotspot\share\prims\jni.cpp, line 638]
Event: 2294.757 Thread 0x00000261aea5f000 Implicit null exception at 0x000002619ca85e15 to 0x000002619ca86374

Events (20 events):
Event: 3532.320 Thread 0x00000261afc2d000 Thread added: 0x00000261afc2d000
Event: 3532.375 Thread 0x00000261afc2d800 Thread added: 0x00000261afc2d800
Event: 3532.748 Executing VM operation: RevokeBias
Event: 3532.763 Executing VM operation: RevokeBias done
Event: 3532.854 Executing VM operation: RevokeBias
Event: 3532.861 Executing VM operation: RevokeBias done
Event: 3532.865 Executing VM operation: RevokeBias
Event: 3532.882 Executing VM operation: RevokeBias done
Event: 3532.882 Executing VM operation: BulkRevokeBias
Event: 3532.925 Executing VM operation: BulkRevokeBias done
Event: 3533.091 Executing VM operation: RevokeBias
Event: 3533.208 Executing VM operation: RevokeBias done
Event: 3533.219 Executing VM operation: RevokeBias
Event: 3533.220 Executing VM operation: RevokeBias done
Event: 3533.486 Executing VM operation: RevokeBias
Event: 3533.489 Executing VM operation: RevokeBias done
Event: 3533.500 Executing VM operation: RevokeBias
Event: 3533.502 Executing VM operation: RevokeBias done
Event: 3533.552 Executing VM operation: RevokeBias
Event: 3533.568 Executing VM operation: RevokeBias done


Dynamic libraries:
0x00007ff7be410000 - 0x00007ff7be41d000 	C:\Users\alfah\.jdks\corretto-11.0.20.1\bin\java.exe
0x00007fface850000 - 0x00007ffacea66000 	C:\WINDOWS\SYSTEM32\ntdll.dll
0x00007ffacd260000 - 0x00007ffacd324000 	C:\WINDOWS\System32\KERNEL32.DLL
0x00007ffacbd70000 - 0x00007ffacc116000 	C:\WINDOWS\System32\KERNELBASE.dll
0x00007ffacc120000 - 0x00007ffacc231000 	C:\WINDOWS\System32\ucrtbase.dll
0x00007ffac7460000 - 0x00007ffac7479000 	C:\Users\alfah\.jdks\corretto-11.0.20.1\bin\VCRUNTIME140.dll
0x00007ffac74b0000 - 0x00007ffac74c7000 	C:\Users\alfah\.jdks\corretto-11.0.20.1\bin\jli.dll
0x00007fface3e0000 - 0x00007fface58d000 	C:\WINDOWS\System32\USER32.dll
0x00007ffacc480000 - 0x00007ffacc4a6000 	C:\WINDOWS\System32\win32u.dll
0x00007fface590000 - 0x00007fface5b9000 	C:\WINDOWS\System32\GDI32.dll
0x00007ffacbb90000 - 0x00007ffacbca8000 	C:\WINDOWS\System32\gdi32full.dll
0x00007ffacc240000 - 0x00007ffacc2da000 	C:\WINDOWS\System32\msvcp_win.dll
0x00007ffabace0000 - 0x00007ffabaf73000 	C:\WINDOWS\WinSxS\amd64_microsoft.windows.common-controls_6595b64144ccf1df_6.0.22621.3235_none_270f74e173860f98\COMCTL32.dll
0x00007ffacd3c0000 - 0x00007ffacd467000 	C:\WINDOWS\System32\msvcrt.dll
0x00007ffacd040000 - 0x00007ffacd071000 	C:\WINDOWS\System32\IMM32.DLL
0x00007ffac2ff0000 - 0x00007ffac308b000 	C:\Users\alfah\.jdks\corretto-11.0.20.1\bin\msvcp140.dll
0x00007ffa50430000 - 0x00007ffa50fbb000 	C:\Users\alfah\.jdks\corretto-11.0.20.1\bin\server\jvm.dll
0x00007ffaccc90000 - 0x00007ffaccd42000 	C:\WINDOWS\System32\ADVAPI32.dll
0x00007ffaccd70000 - 0x00007ffacce18000 	C:\WINDOWS\System32\sechost.dll
0x00007ffacc2e0000 - 0x00007ffacc308000 	C:\WINDOWS\System32\bcrypt.dll
0x00007ffacd130000 - 0x00007ffacd245000 	C:\WINDOWS\System32\RPCRT4.dll
0x00007ffacdf40000 - 0x00007ffacdf48000 	C:\WINDOWS\System32\PSAPI.DLL
0x00007ffac2f30000 - 0x00007ffac2f39000 	C:\WINDOWS\SYSTEM32\WSOCK32.dll
0x00007fface770000 - 0x00007fface7e1000 	C:\WINDOWS\System32\WS2_32.dll
0x00007ffabe980000 - 0x00007ffabe98a000 	C:\WINDOWS\SYSTEM32\VERSION.dll
0x00007ffac2e60000 - 0x00007ffac2e94000 	C:\WINDOWS\SYSTEM32\WINMM.dll
0x00007ffacabd0000 - 0x00007ffacabe8000 	C:\WINDOWS\SYSTEM32\kernel.appcore.dll
0x00007ffac74a0000 - 0x00007ffac74b0000 	C:\Users\alfah\.jdks\corretto-11.0.20.1\bin\verify.dll
0x00007ffab6790000 - 0x00007ffab69c3000 	C:\WINDOWS\SYSTEM32\DBGHELP.DLL
0x00007ffacc900000 - 0x00007ffaccc88000 	C:\WINDOWS\System32\combase.dll
0x00007ffacde00000 - 0x00007ffacded7000 	C:\WINDOWS\System32\OLEAUT32.dll
0x00007ffab6550000 - 0x00007ffab6582000 	C:\WINDOWS\SYSTEM32\dbgcore.DLL
0x00007ffacc4b0000 - 0x00007ffacc52a000 	C:\WINDOWS\System32\bcryptPrimitives.dll
0x00007ffac2fc0000 - 0x00007ffac2fe8000 	C:\Users\alfah\.jdks\corretto-11.0.20.1\bin\java.dll
0x00007ffac7020000 - 0x00007ffac702a000 	C:\Users\alfah\.jdks\corretto-11.0.20.1\bin\jimage.dll
0x00007ffab9850000 - 0x00007ffab9888000 	C:\Users\alfah\.jdks\corretto-11.0.20.1\bin\jdwp.dll
0x00007ffac6f00000 - 0x00007ffac6f0e000 	C:\Users\alfah\.jdks\corretto-11.0.20.1\bin\instrument.dll
0x00007ffac3f70000 - 0x00007ffac3f88000 	C:\Users\alfah\.jdks\corretto-11.0.20.1\bin\zip.dll
0x00007ffacd5a0000 - 0x00007ffacddfd000 	C:\WINDOWS\System32\SHELL32.dll
0x00007ffac9af0000 - 0x00007ffaca3e8000 	C:\WINDOWS\SYSTEM32\windows.storage.dll
0x00007ffac99b0000 - 0x00007ffac9aee000 	C:\WINDOWS\SYSTEM32\wintypes.dll
0x00007ffacc5a0000 - 0x00007ffacc693000 	C:\WINDOWS\System32\SHCORE.dll
0x00007ffaccfe0000 - 0x00007ffacd03e000 	C:\WINDOWS\System32\shlwapi.dll
0x00007ffacbac0000 - 0x00007ffacbae6000 	C:\WINDOWS\SYSTEM32\profapi.dll
0x00007ffac3fb0000 - 0x00007ffac3fba000 	C:\Users\alfah\.jdks\corretto-11.0.20.1\bin\dt_socket.dll
0x00007ffacb050000 - 0x00007ffacb0b9000 	C:\WINDOWS\system32\mswsock.dll
0x00007ffac2fa0000 - 0x00007ffac2fb9000 	C:\Users\alfah\.jdks\corretto-11.0.20.1\bin\net.dll
0x00007ffac3fd0000 - 0x00007ffac4107000 	C:\WINDOWS\SYSTEM32\WINHTTP.dll
0x00007ffac2f70000 - 0x00007ffac2f83000 	C:\Users\alfah\.jdks\corretto-11.0.20.1\bin\nio.dll
0x00007ffac3fa0000 - 0x00007ffac3fa9000 	C:\Users\alfah\.jdks\corretto-11.0.20.1\bin\management.dll
0x00007ffac3f90000 - 0x00007ffac3f9b000 	C:\Users\alfah\.jdks\corretto-11.0.20.1\bin\management_ext.dll
0x00007ffab2fd0000 - 0x00007ffab2fe7000 	C:\WINDOWS\system32\napinsp.dll
0x00007ffab2fb0000 - 0x00007ffab2fcb000 	C:\WINDOWS\system32\pnrpnsp.dll
0x00007ffaca6c0000 - 0x00007ffaca7b9000 	C:\WINDOWS\SYSTEM32\DNSAPI.dll
0x00007ffaca650000 - 0x00007ffaca67d000 	C:\WINDOWS\SYSTEM32\IPHLPAPI.DLL
0x00007ffacd250000 - 0x00007ffacd259000 	C:\WINDOWS\System32\NSI.dll
0x00007ffab2f90000 - 0x00007ffab2fa1000 	C:\WINDOWS\System32\winrnr.dll
0x00007ffac26a0000 - 0x00007ffac26b5000 	C:\WINDOWS\system32\wshbth.dll
0x00007ffab2f60000 - 0x00007ffab2f81000 	C:\WINDOWS\system32\nlansp_c.dll
0x00007ffab90e0000 - 0x00007ffab90ea000 	C:\Windows\System32\rasadhlp.dll
0x00007ffac0fd0000 - 0x00007ffac1053000 	C:\WINDOWS\System32\fwpuclnt.dll
0x00007ffacb2a0000 - 0x00007ffacb2bb000 	C:\WINDOWS\SYSTEM32\CRYPTSP.dll
0x00007ffacab30000 - 0x00007ffacab65000 	C:\WINDOWS\system32\rsaenh.dll
0x00007ffacb140000 - 0x00007ffacb16c000 	C:\WINDOWS\SYSTEM32\USERENV.dll
0x00007ffacb2c0000 - 0x00007ffacb2cc000 	C:\WINDOWS\SYSTEM32\CRYPTBASE.dll
0x00007ffac4680000 - 0x00007ffac4699000 	C:\WINDOWS\SYSTEM32\dhcpcsvc6.DLL
0x00007ffac3870000 - 0x00007ffac388f000 	C:\WINDOWS\SYSTEM32\dhcpcsvc.DLL
0x00007ffac2f60000 - 0x00007ffac2f6e000 	C:\Users\alfah\.jdks\corretto-11.0.20.1\bin\sunmscapi.dll
0x00007ffacc310000 - 0x00007ffacc476000 	C:\WINDOWS\System32\CRYPT32.dll
0x00007ffacb460000 - 0x00007ffacb48e000 	C:\WINDOWS\SYSTEM32\ncrypt.dll
0x00007ffacb420000 - 0x00007ffacb457000 	C:\WINDOWS\SYSTEM32\NTASN1.dll
0x00007ffabe440000 - 0x00007ffabe465000 	C:\Users\alfah\.jdks\corretto-11.0.20.1\bin\sunec.dll

dbghelp: loaded successfully - version: 4.0.5 - missing functions: none
symbol engine: initialized successfully - sym options: 0x614 - pdb path: .;C:\Users\alfah\.jdks\corretto-11.0.20.1\bin;C:\WINDOWS\SYSTEM32;C:\WINDOWS\WinSxS\amd64_microsoft.windows.common-controls_6595b64144ccf1df_6.0.22621.3235_none_270f74e173860f98;C:\Users\alfah\.jdks\corretto-11.0.20.1\bin\server

VM Arguments:
jvm_args: -agentlib:jdwp=transport=dt_socket,address=127.0.0.1:65026,suspend=y,server=n -javaagent:C:\Users\alfah\AppData\Local\JetBrains\IdeaIC2023.2\captureAgent\debugger-agent.jar -Dfile.encoding=UTF-8 
java_command: com.learning.ecommerce.EComServerApplication
java_class_path (initial): C:\Users\alfah\Downloads\E-Commerce-Website\E-Commerce-Website\EComServer\target\classes;C:\Users\alfah\.m2\repository\org\springframework\boot\spring-boot-starter-data-jpa\2.7.2\spring-boot-starter-data-jpa-2.7.2.jar;C:\Users\alfah\.m2\repository\org\springframework\boot\spring-boot-starter-aop\2.7.2\spring-boot-starter-aop-2.7.2.jar;C:\Users\alfah\.m2\repository\org\aspectj\aspectjweaver\1.9.7\aspectjweaver-1.9.7.jar;C:\Users\alfah\.m2\repository\org\springframework\boot\spring-boot-starter-jdbc\2.7.2\spring-boot-starter-jdbc-2.7.2.jar;C:\Users\alfah\.m2\repository\com\zaxxer\HikariCP\4.0.3\HikariCP-4.0.3.jar;C:\Users\alfah\.m2\repository\org\springframework\spring-jdbc\5.3.22\spring-jdbc-5.3.22.jar;C:\Users\alfah\.m2\repository\jakarta\transaction\jakarta.transaction-api\1.3.3\jakarta.transaction-api-1.3.3.jar;C:\Users\alfah\.m2\repository\jakarta\persistence\jakarta.persistence-api\2.2.3\jakarta.persistence-api-2.2.3.jar;C:\Users\alfah\.m2\repository\org\hibernate\hibernate-core\5.6.10.Final\hibernate-core-5.6.10.Final.jar;C:\Users\alfah\.m2\repository\org\jboss\logging\jboss-logging\3.4.3.Final\jboss-logging-3.4.3.Final.jar;C:\Users\alfah\.m2\repository\net\bytebuddy\byte-buddy\1.12.12\byte-buddy-1.12.12.jar;C:\Users\alfah\.m2\repository\antlr\antlr\2.7.7\antlr-2.7.7.jar;C:\Users\alfah\.m2\repository\org\jboss\jandex\2.4.2.Final\jandex-2.4.2.Final.jar;C:\Users\alfah\.m2\repository\com\fasterxml\classmate\1.5.1\classmate-1.5.1.jar;C:\Users\alfah\.m2\repository\org\hibernate\common\hibernate-commons-annotations\5.1.2.Final\hibernate-commons-annotations-5.1.2.Final.jar;C:\Users\alfah\.m2\repository\org\glassfish\jaxb\jaxb-runtime\2.3.6\jaxb-runtime-2.3.6.jar;C:\Users\alfah\.m2\repository\org\glassfish\jaxb\txw2\2.3.6\txw2-2.3.6.jar;C:\Users\alfah\.m2\repository\com\sun\istack\istack-commons-runtime\3.0.12\istack-commons-runtime-3.0.12.jar;C:\Users\alfah\.m2\repository\com\sun\activation\jakarta.activation\1.2.2\jakarta.activation-1.2.2
Launcher Type: SUN_STANDARD

[Global flags]
     intx CICompilerCount                          = 3                                         {product} {ergonomic}
     uint ConcGCThreads                            = 1                                         {product} {ergonomic}
     uint G1ConcRefinementThreads                  = 4                                         {product} {ergonomic}
   size_t G1HeapRegionSize                         = 1048576                                   {product} {ergonomic}
    uintx GCDrainStackTargetSize                   = 64                                        {product} {ergonomic}
   size_t InitialHeapSize                          = 67108864                                  {product} {ergonomic}
   size_t MarkStackSize                            = 4194304                                   {product} {ergonomic}
   size_t MaxHeapSize                              = 1042284544                                {product} {ergonomic}
   size_t MaxNewSize                               = 624951296                                 {product} {ergonomic}
   size_t MinHeapDeltaBytes                        = 1048576                                   {product} {ergonomic}
    uintx NonNMethodCodeHeapSize                   = 5830732                                {pd product} {ergonomic}
    uintx NonProfiledCodeHeapSize                  = 122913754                              {pd product} {ergonomic}
    uintx ProfiledCodeHeapSize                     = 122913754                              {pd product} {ergonomic}
    uintx ReservedCodeCacheSize                    = 251658240                              {pd product} {ergonomic}
     bool SegmentedCodeCache                       = true                                      {product} {ergonomic}
     bool UseCompressedClassPointers               = true                                 {lp64_product} {ergonomic}
     bool UseCompressedOops                        = true                                 {lp64_product} {ergonomic}
     bool UseG1GC                                  = true                                      {product} {ergonomic}
     bool UseLargePagesIndividualAllocation        = false                                  {pd product} {ergonomic}

Logging:
Log output configuration:
 #0: stdout all=warning uptime,level,tags
 #1: stderr all=off uptime,level,tags

Environment Variables:
JAVA_HOME=C:\Users\alfah\.jdks\corretto-11.0.20.1
PATH=C:\Python311\Scripts\;C:\Python311\;C:\WINDOWS\system32;C:\WINDOWS;C:\WINDOWS\System32\Wbem;C:\WINDOWS\System32\WindowsPowerShell\v1.0\;C:\WINDOWS\System32\OpenSSH\;C:\Program Files\MySQL\MySQL Server 8.0\bin;C:\Program Files\nodejs\;C:\ProgramData\chocolatey\bin;C:\Program Files\nodejs;C:\Program Files\MySQL\MySQL Server 8.0\bin;C:\Users\alfah\.jdks\corretto-11.0.20.1\bin;C:\Program Files\Git\cmd;C:\Program Files\MySQL\MySQL Shell 8.0\bin\;C:\Users\alfah\AppData\Local\Programs\Python\Python310\Scripts\;C:\Users\alfah\AppData\Local\Programs\Python\Python310\;C:\Users\alfah\AppData\Local\Microsoft\WindowsApps;C:\Users\alfah\AppData\Local\Programs\Microsoft VS Code\bin;C:\Program Files\JetBrains\IntelliJ IDEA Community Edition 2023.2\bin;;C:\Program Files\JetBrains\PyCharm Community Edition 2023.2\bin;;C:\Users\alfah\AppData\Roaming\npm;C:\Program Files\nodejs;
USERNAME=alfah
OS=Windows_NT
PROCESSOR_IDENTIFIER=Intel64 Family 6 Model 142 Stepping 10, GenuineIntel
TMP=C:\Users\alfah\AppData\Local\Temp
TEMP=C:\Users\alfah\AppData\Local\Temp



---------------  S Y S T E M  ---------------

OS: Windows 11 , 64 bit Build 22621 (10.0.22621.3235)
OS uptime: 2 days 3:46 hours

CPU:total 4 (initial active 4) (2 cores per cpu, 2 threads per core) family 6 model 142 stepping 10 microcode 0xe0, cmov, cx8, fxsr, mmx, sse, sse2, sse3, ssse3, sse4.1, sse4.2, popcnt, avx, avx2, aes, clmul, erms, 3dnowpref, lzcnt, ht, tsc, tscinvbit, bmi1, bmi2, adx, fma

Memory: 4k page, system-wide physical 3971M (42M free)
TotalPageFile size 16259M (AvailPageFile size 176M)
current process WorkingSet (physical memory assigned to process): 27M, peak: 271M
current process commit charge ("private bytes"): 311M, peak: 348M

vm_info: OpenJDK 64-Bit Server VM (11.0.20.1+9-LTS) for windows-amd64 JRE (11.0.20.1+9-LTS), built on Aug 19 2023 03:46:24 by "Administrator" with MS VC++ 15.9 (VS2017)

END.
